[0.000000] (-) TimerEvent: {}
[0.000200] (safety_controller) JobQueued: {'identifier': 'safety_controller', 'dependencies': OrderedDict()}
[0.000319] (safety_controller) JobStarted: {'identifier': 'safety_controller'}
[0.102751] (-) TimerEvent: {}
[0.209156] (-) TimerEvent: {}
[0.310291] (-) TimerEvent: {}
[0.411966] (-) TimerEvent: {}
[0.465274] (safety_controller) Command: {'cmd': ['/usr/bin/python3', 'setup.py', 'egg_info', '--egg-base', 'build/safety_controller', 'build', '--build-base', '/home/racecar/racecar_ws/src/safety_controller/build/safety_controller/build', 'install', '--record', '/home/racecar/racecar_ws/src/safety_controller/build/safety_controller/install.log', '--install-scripts', '$base/lib/safety_controller', '--single-version-externally-managed'], 'cwd': '/home/racecar/racecar_ws/src/safety_controller', 'env': {'PYTHONIOENCODING': 'utf-8', 'HOSTNAME': '35604aaef9eb', 'SSH_AGENT_PID': '188', 'SHLVL': '1', 'LD_LIBRARY_PATH': '/home/racecar/racecar_ws/install/custom_msgs/lib:/opt/ros/foxy/opt/yaml_cpp_vendor/lib:/opt/ros/foxy/opt/rviz_ogre_vendor/lib:/opt/ros/foxy/lib/aarch64-linux-gnu:/opt/ros/foxy/lib', 'HOME': '/home/racecar', 'OLDPWD': '/home/racecar/racecar_ws/src', 'ROS_PYTHON_VERSION': '3', 'COLCON_PREFIX_PATH': '/home/sim_ws/install:/home/racecar/racecar_ws/install', 'ROS_DISTRO': 'foxy', '_': '/usr/bin/colcon', 'ROS_VERSION': '2', 'TERM': 'xterm', 'ROS_LOCALHOST_ONLY': '0', 'PATH': '/opt/ros/foxy/bin:/usr/local/sbin:/usr/local/bin:/usr/sbin:/usr/bin:/sbin:/bin', 'LANG': 'en_US.UTF-8', 'SSH_AUTH_SOCK': '/tmp/ssh-W8gC7jR0cnKS/agent.186', 'AMENT_PREFIX_PATH': '/home/racecar/racecar_ws/install/wall_follower:/home/racecar/racecar_ws/install/safety_controller:/home/racecar/racecar_ws/install/ros_exercises:/home/racecar/racecar_ws/install/custom_msgs:/home/sim_ws/install/racecar_simulator:/opt/ros/foxy', 'SIM_WS': '/home/sim_ws', 'PWD': '/home/racecar/racecar_ws/src/safety_controller/build/safety_controller', 'PYTHONPATH': '/home/racecar/racecar_ws/src/safety_controller/build/safety_controller/prefix_override:/home/racecar/racecar_ws/src/safety_controller/install/safety_controller/lib/python3.8/site-packages:/home/racecar/racecar_ws/build/wall_follower:/home/racecar/racecar_ws/install/wall_follower/lib/python3.8/site-packages:/home/racecar/racecar_ws/install/safety_controller/lib/python3.8/site-packages:/home/racecar/racecar_ws/build/ros_exercises:/home/racecar/racecar_ws/install/ros_exercises/lib/python3.8/site-packages:/home/racecar/racecar_ws/install/custom_msgs/lib/python3.8/site-packages:/opt/ros/foxy/lib/python3.8/site-packages', 'NO_VNC_VERSION': '1.4.0', 'COLCON': '1', 'CMAKE_PREFIX_PATH': '/home/racecar/racecar_ws/install/custom_msgs:/home/sim_ws/install/racecar_simulator'}, 'shell': False}
[0.512482] (-) TimerEvent: {}
[0.562828] (safety_controller) StdoutLine: {'line': b'running egg_info\n'}
[0.563618] (safety_controller) StdoutLine: {'line': b'creating build/safety_controller/safety_controller.egg-info\n'}
[0.564179] (safety_controller) StdoutLine: {'line': b'writing build/safety_controller/safety_controller.egg-info/PKG-INFO\n'}
[0.564692] (safety_controller) StdoutLine: {'line': b'writing dependency_links to build/safety_controller/safety_controller.egg-info/dependency_links.txt\n'}
[0.565191] (safety_controller) StdoutLine: {'line': b'writing entry points to build/safety_controller/safety_controller.egg-info/entry_points.txt\n'}
[0.565686] (safety_controller) StdoutLine: {'line': b'writing requirements to build/safety_controller/safety_controller.egg-info/requires.txt\n'}
[0.566111] (safety_controller) StdoutLine: {'line': b'writing top-level names to build/safety_controller/safety_controller.egg-info/top_level.txt\n'}
[0.567064] (safety_controller) StdoutLine: {'line': b"writing manifest file 'build/safety_controller/safety_controller.egg-info/SOURCES.txt'\n"}
[0.583274] (safety_controller) StdoutLine: {'line': b"reading manifest file 'build/safety_controller/safety_controller.egg-info/SOURCES.txt'\n"}
[0.584436] (safety_controller) StdoutLine: {'line': b"writing manifest file 'build/safety_controller/safety_controller.egg-info/SOURCES.txt'\n"}
[0.585000] (safety_controller) StdoutLine: {'line': b'running build\n'}
[0.585505] (safety_controller) StdoutLine: {'line': b'running build_py\n'}
[0.586054] (safety_controller) StdoutLine: {'line': b'creating /home/racecar/racecar_ws/src/safety_controller/build/safety_controller/build\n'}
[0.586480] (safety_controller) StdoutLine: {'line': b'creating /home/racecar/racecar_ws/src/safety_controller/build/safety_controller/build/lib\n'}
[0.587113] (safety_controller) StdoutLine: {'line': b'creating /home/racecar/racecar_ws/src/safety_controller/build/safety_controller/build/lib/safety_controller\n'}
[0.587436] (safety_controller) StdoutLine: {'line': b'copying safety_controller/__init__.py -> /home/racecar/racecar_ws/src/safety_controller/build/safety_controller/build/lib/safety_controller\n'}
[0.587775] (safety_controller) StdoutLine: {'line': b'copying safety_controller/safety_controller_sameen.py -> /home/racecar/racecar_ws/src/safety_controller/build/safety_controller/build/lib/safety_controller\n'}
[0.588076] (safety_controller) StdoutLine: {'line': b'copying safety_controller/safety_controller.py -> /home/racecar/racecar_ws/src/safety_controller/build/safety_controller/build/lib/safety_controller\n'}
[0.588425] (safety_controller) StdoutLine: {'line': b'running install\n'}
[0.588749] (safety_controller) StdoutLine: {'line': b'running install_lib\n'}
[0.591245] (safety_controller) StdoutLine: {'line': b'creating /home/racecar/racecar_ws/src/safety_controller/install/safety_controller/lib/python3.8/site-packages/safety_controller\n'}
[0.591690] (safety_controller) StdoutLine: {'line': b'copying /home/racecar/racecar_ws/src/safety_controller/build/safety_controller/build/lib/safety_controller/__init__.py -> /home/racecar/racecar_ws/src/safety_controller/install/safety_controller/lib/python3.8/site-packages/safety_controller\n'}
[0.592156] (safety_controller) StdoutLine: {'line': b'copying /home/racecar/racecar_ws/src/safety_controller/build/safety_controller/build/lib/safety_controller/safety_controller_sameen.py -> /home/racecar/racecar_ws/src/safety_controller/install/safety_controller/lib/python3.8/site-packages/safety_controller\n'}
[0.593344] (safety_controller) StdoutLine: {'line': b'copying /home/racecar/racecar_ws/src/safety_controller/build/safety_controller/build/lib/safety_controller/safety_controller.py -> /home/racecar/racecar_ws/src/safety_controller/install/safety_controller/lib/python3.8/site-packages/safety_controller\n'}
[0.594665] (safety_controller) StdoutLine: {'line': b'byte-compiling /home/racecar/racecar_ws/src/safety_controller/install/safety_controller/lib/python3.8/site-packages/safety_controller/__init__.py to __init__.cpython-38.pyc\n'}
[0.595923] (safety_controller) StdoutLine: {'line': b'byte-compiling /home/racecar/racecar_ws/src/safety_controller/install/safety_controller/lib/python3.8/site-packages/safety_controller/safety_controller_sameen.py to safety_controller_sameen.cpython-38.pyc\n'}
[0.597051] (safety_controller) StdoutLine: {'line': b'byte-compiling /home/racecar/racecar_ws/src/safety_controller/install/safety_controller/lib/python3.8/site-packages/safety_controller/safety_controller.py to safety_controller.cpython-38.pyc\n'}
[0.597935] (safety_controller) StdoutLine: {'line': b'running install_data\n'}
[0.598340] (safety_controller) StdoutLine: {'line': b'creating /home/racecar/racecar_ws/src/safety_controller/install/safety_controller/share/ament_index\n'}
[0.598779] (safety_controller) StdoutLine: {'line': b'creating /home/racecar/racecar_ws/src/safety_controller/install/safety_controller/share/ament_index/resource_index\n'}
[0.599247] (safety_controller) StdoutLine: {'line': b'creating /home/racecar/racecar_ws/src/safety_controller/install/safety_controller/share/ament_index/resource_index/packages\n'}
[0.599604] (safety_controller) StdoutLine: {'line': b'copying resource/safety_controller -> /home/racecar/racecar_ws/src/safety_controller/install/safety_controller/share/ament_index/resource_index/packages\n'}
[0.599942] (safety_controller) StdoutLine: {'line': b'copying package.xml -> /home/racecar/racecar_ws/src/safety_controller/install/safety_controller/share/safety_controller\n'}
[0.600410] (safety_controller) StdoutLine: {'line': b'copying safety_controller/params.yaml -> /home/racecar/racecar_ws/src/safety_controller/install/safety_controller/share/safety_controller\n'}
[0.601135] (safety_controller) StdoutLine: {'line': b'running install_egg_info\n'}
[0.602029] (safety_controller) StdoutLine: {'line': b'Copying build/safety_controller/safety_controller.egg-info to /home/racecar/racecar_ws/src/safety_controller/install/safety_controller/lib/python3.8/site-packages/safety_controller-0.0.0-py3.8.egg-info\n'}
[0.608432] (safety_controller) StdoutLine: {'line': b'running install_scripts\n'}
[0.613235] (-) TimerEvent: {}
[0.616859] (safety_controller) StdoutLine: {'line': b'Installing safety_controller script to /home/racecar/racecar_ws/src/safety_controller/install/safety_controller/lib/safety_controller\n'}
[0.617790] (safety_controller) StdoutLine: {'line': b"writing list of installed files to '/home/racecar/racecar_ws/src/safety_controller/build/safety_controller/install.log'\n"}
[0.627954] (safety_controller) CommandEnded: {'returncode': 0}
[0.683317] (safety_controller) JobEnded: {'identifier': 'safety_controller', 'rc': 0}
[0.687018] (-) EventReactorShutdown: {}
