[0.786s] DEBUG:colcon:Command line arguments: ['/usr/bin/colcon', 'build', '--packages-select', 'safety_controller']
[0.787s] DEBUG:colcon:Parsed command line arguments: Namespace(ament_cmake_args=None, base_paths=['.'], build_base='build', catkin_cmake_args=None, catkin_skip_building_tests=False, cmake_args=None, cmake_clean_cache=False, cmake_clean_first=False, cmake_force_configure=False, cmake_target=None, cmake_target_skip_unavailable=False, continue_on_error=False, event_handlers=None, executor='parallel', ignore_user_meta=False, install_base='install', log_base=None, log_level=None, main=<bound method BuildVerb.main of <colcon_core.verb.build.BuildVerb object at 0xffff883ed100>>, merge_install=False, metas=['./colcon.meta'], packages_above=None, packages_above_and_dependencies=None, packages_above_depth=None, packages_end=None, packages_ignore=None, packages_ignore_regex=None, packages_select=['safety_controller'], packages_select_build_failed=False, packages_select_by_dep=None, packages_select_regex=None, packages_select_test_failures=False, packages_skip=None, packages_skip_build_finished=False, packages_skip_by_dep=None, packages_skip_regex=None, packages_skip_test_passed=False, packages_skip_up_to=None, packages_start=None, packages_up_to=None, packages_up_to_regex=None, parallel_workers=12, paths=None, symlink_install=False, test_result_base=None, verb_extension=<colcon_core.verb.build.BuildVerb object at 0xffff883ed100>, verb_name='build', verb_parser=<colcon_defaults.argument_parser.defaults.DefaultArgumentsDecorator object at 0xffff883f3340>)
[0.827s] Level 1:colcon.colcon_core.package_discovery:discover_packages(colcon_meta) check parameters
[0.828s] Level 1:colcon.colcon_core.package_discovery:discover_packages(recursive) check parameters
[0.828s] Level 1:colcon.colcon_core.package_discovery:discover_packages(ignore) check parameters
[0.828s] Level 1:colcon.colcon_core.package_discovery:discover_packages(path) check parameters
[0.828s] Level 1:colcon.colcon_core.package_discovery:discover_packages(colcon_meta) discover
[0.828s] Level 1:colcon.colcon_core.package_discovery:discover_packages(recursive) discover
[0.828s] INFO:colcon.colcon_core.package_discovery:Crawling recursively for packages in '/home/racecar/racecar_ws/src/safety_controller'
[0.829s] Level 1:colcon.colcon_core.package_identification:_identify(.) by extensions ['ignore', 'ignore_ament_install']
[0.829s] Level 1:colcon.colcon_core.package_identification:_identify(.) by extension 'ignore'
[0.829s] Level 1:colcon.colcon_core.package_identification:_identify(.) by extension 'ignore_ament_install'
[0.829s] Level 1:colcon.colcon_core.package_identification:_identify(.) by extensions ['colcon_pkg']
[0.829s] Level 1:colcon.colcon_core.package_identification:_identify(.) by extension 'colcon_pkg'
[0.829s] Level 1:colcon.colcon_core.package_identification:_identify(.) by extensions ['colcon_meta']
[0.829s] Level 1:colcon.colcon_core.package_identification:_identify(.) by extension 'colcon_meta'
[0.830s] Level 1:colcon.colcon_core.package_identification:_identify(.) by extensions ['ros']
[0.830s] Level 1:colcon.colcon_core.package_identification:_identify(.) by extension 'ros'
[0.837s] DEBUG:colcon.colcon_core.package_identification:Package '.' with type 'ros.ament_python' and name 'safety_controller'
[0.837s] Level 1:colcon.colcon_core.package_discovery:discover_packages(recursive) using defaults
[0.837s] Level 1:colcon.colcon_core.package_discovery:discover_packages(ignore) discover
[0.837s] Level 1:colcon.colcon_core.package_discovery:discover_packages(ignore) using defaults
[0.837s] Level 1:colcon.colcon_core.package_discovery:discover_packages(path) discover
[0.837s] Level 1:colcon.colcon_core.package_discovery:discover_packages(path) using defaults
[0.897s] Level 5:colcon.colcon_core.verb:set package 'safety_controller' build argument 'cmake_args' from command line to 'None'
[0.897s] Level 5:colcon.colcon_core.verb:set package 'safety_controller' build argument 'cmake_target' from command line to 'None'
[0.897s] Level 5:colcon.colcon_core.verb:set package 'safety_controller' build argument 'cmake_target_skip_unavailable' from command line to 'False'
[0.897s] Level 5:colcon.colcon_core.verb:set package 'safety_controller' build argument 'cmake_clean_cache' from command line to 'False'
[0.897s] Level 5:colcon.colcon_core.verb:set package 'safety_controller' build argument 'cmake_clean_first' from command line to 'False'
[0.897s] Level 5:colcon.colcon_core.verb:set package 'safety_controller' build argument 'cmake_force_configure' from command line to 'False'
[0.897s] Level 5:colcon.colcon_core.verb:set package 'safety_controller' build argument 'ament_cmake_args' from command line to 'None'
[0.897s] Level 5:colcon.colcon_core.verb:set package 'safety_controller' build argument 'catkin_cmake_args' from command line to 'None'
[0.898s] Level 5:colcon.colcon_core.verb:set package 'safety_controller' build argument 'catkin_skip_building_tests' from command line to 'False'
[0.898s] DEBUG:colcon.colcon_core.verb:Building package 'safety_controller' with the following arguments: {'ament_cmake_args': None, 'build_base': '/home/racecar/racecar_ws/src/safety_controller/build/safety_controller', 'catkin_cmake_args': None, 'catkin_skip_building_tests': False, 'cmake_args': None, 'cmake_clean_cache': False, 'cmake_clean_first': False, 'cmake_force_configure': False, 'cmake_target': None, 'cmake_target_skip_unavailable': False, 'install_base': '/home/racecar/racecar_ws/src/safety_controller/install/safety_controller', 'merge_install': False, 'path': '/home/racecar/racecar_ws/src/safety_controller', 'symlink_install': False, 'test_result_base': None}
[0.911s] INFO:colcon.colcon_core.executor:Executing jobs using 'parallel' executor
[0.924s] DEBUG:colcon.colcon_parallel_executor.executor.parallel:run_until_complete
[0.924s] INFO:colcon.colcon_ros.task.ament_python.build:Building ROS package in '/home/racecar/racecar_ws/src/safety_controller' with build type 'ament_python'
[0.924s] Level 1:colcon.colcon_core.shell:create_environment_hook('safety_controller', 'ament_prefix_path')
[0.939s] INFO:colcon.colcon_core.plugin_system:Skipping extension 'colcon_core.shell.bat': Not used on non-Windows systems
[0.939s] INFO:colcon.colcon_core.shell:Creating environment hook '/home/racecar/racecar_ws/src/safety_controller/install/safety_controller/share/safety_controller/hook/ament_prefix_path.ps1'
[0.941s] INFO:colcon.colcon_core.shell:Creating environment descriptor '/home/racecar/racecar_ws/src/safety_controller/install/safety_controller/share/safety_controller/hook/ament_prefix_path.dsv'
[0.942s] INFO:colcon.colcon_core.shell:Creating environment hook '/home/racecar/racecar_ws/src/safety_controller/install/safety_controller/share/safety_controller/hook/ament_prefix_path.sh'
[0.956s] INFO:colcon.colcon_core.shell:Skip shell extension 'powershell' for command environment: Not usable outside of PowerShell
[0.956s] DEBUG:colcon.colcon_core.shell:Skip shell extension 'dsv' for command environment
[1.122s] INFO:colcon.colcon_core.task.python.build:Building Python package in '/home/racecar/racecar_ws/src/safety_controller'
[1.138s] INFO:colcon.colcon_core.shell:Skip shell extension 'powershell' for command environment: Not usable outside of PowerShell
[1.138s] DEBUG:colcon.colcon_core.shell:Skip shell extension 'dsv' for command environment
[1.392s] DEBUG:colcon.colcon_core.event_handler.log_command:Invoking command in '/home/racecar/racecar_ws/src/safety_controller': PYTHONPATH=/home/racecar/racecar_ws/src/safety_controller/build/safety_controller/prefix_override:/home/racecar/racecar_ws/src/safety_controller/install/safety_controller/lib/python3.8/site-packages:${PYTHONPATH} /usr/bin/python3 setup.py egg_info --egg-base build/safety_controller build --build-base /home/racecar/racecar_ws/src/safety_controller/build/safety_controller/build install --record /home/racecar/racecar_ws/src/safety_controller/build/safety_controller/install.log --install-scripts $base/lib/safety_controller --single-version-externally-managed
[1.552s] DEBUG:colcon.colcon_core.event_handler.log_command:Invoked command in '/home/racecar/racecar_ws/src/safety_controller' returned '0': PYTHONPATH=/home/racecar/racecar_ws/src/safety_controller/build/safety_controller/prefix_override:/home/racecar/racecar_ws/src/safety_controller/install/safety_controller/lib/python3.8/site-packages:${PYTHONPATH} /usr/bin/python3 setup.py egg_info --egg-base build/safety_controller build --build-base /home/racecar/racecar_ws/src/safety_controller/build/safety_controller/build install --record /home/racecar/racecar_ws/src/safety_controller/build/safety_controller/install.log --install-scripts $base/lib/safety_controller --single-version-externally-managed
[1.567s] Level 1:colcon.colcon_core.environment:checking '/home/racecar/racecar_ws/src/safety_controller/install/safety_controller' for CMake module files
[1.569s] Level 1:colcon.colcon_core.environment:checking '/home/racecar/racecar_ws/src/safety_controller/install/safety_controller' for CMake config files
[1.572s] Level 1:colcon.colcon_core.environment:checking '/home/racecar/racecar_ws/src/safety_controller/install/safety_controller/lib'
[1.573s] Level 1:colcon.colcon_core.environment:checking '/home/racecar/racecar_ws/src/safety_controller/install/safety_controller/bin'
[1.573s] Level 1:colcon.colcon_core.environment:checking '/home/racecar/racecar_ws/src/safety_controller/install/safety_controller/lib/pkgconfig/safety_controller.pc'
[1.573s] Level 1:colcon.colcon_core.environment:checking '/home/racecar/racecar_ws/src/safety_controller/install/safety_controller/lib/python3.8/site-packages'
[1.573s] Level 1:colcon.colcon_core.shell:create_environment_hook('safety_controller', 'pythonpath')
[1.587s] INFO:colcon.colcon_core.shell:Creating environment hook '/home/racecar/racecar_ws/src/safety_controller/install/safety_controller/share/safety_controller/hook/pythonpath.ps1'
[1.587s] INFO:colcon.colcon_core.shell:Creating environment descriptor '/home/racecar/racecar_ws/src/safety_controller/install/safety_controller/share/safety_controller/hook/pythonpath.dsv'
[1.588s] INFO:colcon.colcon_core.shell:Creating environment hook '/home/racecar/racecar_ws/src/safety_controller/install/safety_controller/share/safety_controller/hook/pythonpath.sh'
[1.589s] Level 1:colcon.colcon_core.environment:checking '/home/racecar/racecar_ws/src/safety_controller/install/safety_controller/bin'
[1.589s] Level 1:colcon.colcon_core.environment:create_environment_scripts_only(safety_controller)
[1.602s] INFO:colcon.colcon_core.shell:Creating package script '/home/racecar/racecar_ws/src/safety_controller/install/safety_controller/share/safety_controller/package.ps1'
[1.603s] INFO:colcon.colcon_core.shell:Creating package descriptor '/home/racecar/racecar_ws/src/safety_controller/install/safety_controller/share/safety_controller/package.dsv'
[1.604s] INFO:colcon.colcon_core.shell:Creating package script '/home/racecar/racecar_ws/src/safety_controller/install/safety_controller/share/safety_controller/package.sh'
[1.605s] INFO:colcon.colcon_core.shell:Creating package script '/home/racecar/racecar_ws/src/safety_controller/install/safety_controller/share/safety_controller/package.bash'
[1.606s] INFO:colcon.colcon_core.shell:Creating package script '/home/racecar/racecar_ws/src/safety_controller/install/safety_controller/share/safety_controller/package.zsh'
[1.606s] Level 1:colcon.colcon_core.environment:create_file_with_runtime_dependencies(/home/racecar/racecar_ws/src/safety_controller/install/safety_controller/share/colcon-core/packages/safety_controller)
[1.607s] DEBUG:colcon.colcon_parallel_executor.executor.parallel:closing loop
[1.607s] DEBUG:colcon.colcon_parallel_executor.executor.parallel:loop closed
[1.608s] DEBUG:colcon.colcon_parallel_executor.executor.parallel:run_until_complete finished with '0'
[1.608s] DEBUG:colcon.colcon_core.event_reactor:joining thread
[1.628s] INFO:colcon.colcon_core.plugin_system:Skipping extension 'colcon_notification.desktop_notification.notify_send': Could not find 'notify-send'
[1.628s] INFO:colcon.colcon_core.plugin_system:Skipping extension 'colcon_notification.desktop_notification.terminal_notifier': Not used on non-Darwin systems
[1.628s] INFO:colcon.colcon_core.plugin_system:Skipping extension 'colcon_notification.desktop_notification.win32': Not used on non-Windows systems
[1.628s] INFO:colcon.colcon_notification.desktop_notification:Sending desktop notification using 'notify2'
[1.628s] DEBUG:colcon.colcon_notification.desktop_notification.notify2:Failed to initialize notify2: org.freedesktop.DBus.Error.NotSupported: Unable to autolaunch a dbus-daemon without a $DISPLAY for X11
[1.628s] DEBUG:colcon.colcon_core.event_reactor:joined thread
[1.641s] INFO:colcon.colcon_core.shell:Creating prefix script '/home/racecar/racecar_ws/src/safety_controller/install/local_setup.ps1'
[1.644s] INFO:colcon.colcon_core.shell:Creating prefix util module '/home/racecar/racecar_ws/src/safety_controller/install/_local_setup_util_ps1.py'
[1.646s] INFO:colcon.colcon_core.shell:Creating prefix chain script '/home/racecar/racecar_ws/src/safety_controller/install/setup.ps1'
[1.661s] INFO:colcon.colcon_core.shell:Creating prefix script '/home/racecar/racecar_ws/src/safety_controller/install/local_setup.sh'
[1.665s] INFO:colcon.colcon_core.shell:Creating prefix util module '/home/racecar/racecar_ws/src/safety_controller/install/_local_setup_util_sh.py'
[1.666s] INFO:colcon.colcon_core.shell:Creating prefix chain script '/home/racecar/racecar_ws/src/safety_controller/install/setup.sh'
[1.681s] INFO:colcon.colcon_core.shell:Creating prefix script '/home/racecar/racecar_ws/src/safety_controller/install/local_setup.bash'
[1.682s] INFO:colcon.colcon_core.shell:Creating prefix chain script '/home/racecar/racecar_ws/src/safety_controller/install/setup.bash'
[1.697s] INFO:colcon.colcon_core.shell:Creating prefix script '/home/racecar/racecar_ws/src/safety_controller/install/local_setup.zsh'
[1.698s] INFO:colcon.colcon_core.shell:Creating prefix chain script '/home/racecar/racecar_ws/src/safety_controller/install/setup.zsh'
