[0.467s] Invoking command in '/home/racecar/racecar_ws/src/safety_controller': PYTHONPATH=/home/racecar/racecar_ws/src/safety_controller/build/safety_controller/prefix_override:/home/racecar/racecar_ws/src/safety_controller/install/safety_controller/lib/python3.8/site-packages:${PYTHONPATH} /usr/bin/python3 setup.py egg_info --egg-base build/safety_controller build --build-base /home/racecar/racecar_ws/src/safety_controller/build/safety_controller/build install --record /home/racecar/racecar_ws/src/safety_controller/build/safety_controller/install.log --install-scripts $base/lib/safety_controller --single-version-externally-managed
[0.563s] running egg_info
[0.564s] creating build/safety_controller/safety_controller.egg-info
[0.564s] writing build/safety_controller/safety_controller.egg-info/PKG-INFO
[0.565s] writing dependency_links to build/safety_controller/safety_controller.egg-info/dependency_links.txt
[0.565s] writing entry points to build/safety_controller/safety_controller.egg-info/entry_points.txt
[0.566s] writing requirements to build/safety_controller/safety_controller.egg-info/requires.txt
[0.566s] writing top-level names to build/safety_controller/safety_controller.egg-info/top_level.txt
[0.567s] writing manifest file 'build/safety_controller/safety_controller.egg-info/SOURCES.txt'
[0.583s] reading manifest file 'build/safety_controller/safety_controller.egg-info/SOURCES.txt'
[0.584s] writing manifest file 'build/safety_controller/safety_controller.egg-info/SOURCES.txt'
[0.585s] running build
[0.585s] running build_py
[0.586s] creating /home/racecar/racecar_ws/src/safety_controller/build/safety_controller/build
[0.586s] creating /home/racecar/racecar_ws/src/safety_controller/build/safety_controller/build/lib
[0.587s] creating /home/racecar/racecar_ws/src/safety_controller/build/safety_controller/build/lib/safety_controller
[0.587s] copying safety_controller/__init__.py -> /home/racecar/racecar_ws/src/safety_controller/build/safety_controller/build/lib/safety_controller
[0.588s] copying safety_controller/safety_controller_sameen.py -> /home/racecar/racecar_ws/src/safety_controller/build/safety_controller/build/lib/safety_controller
[0.588s] copying safety_controller/safety_controller.py -> /home/racecar/racecar_ws/src/safety_controller/build/safety_controller/build/lib/safety_controller
[0.588s] running install
[0.590s] running install_lib
[0.591s] creating /home/racecar/racecar_ws/src/safety_controller/install/safety_controller/lib/python3.8/site-packages/safety_controller
[0.592s] copying /home/racecar/racecar_ws/src/safety_controller/build/safety_controller/build/lib/safety_controller/__init__.py -> /home/racecar/racecar_ws/src/safety_controller/install/safety_controller/lib/python3.8/site-packages/safety_controller
[0.592s] copying /home/racecar/racecar_ws/src/safety_controller/build/safety_controller/build/lib/safety_controller/safety_controller_sameen.py -> /home/racecar/racecar_ws/src/safety_controller/install/safety_controller/lib/python3.8/site-packages/safety_controller
[0.593s] copying /home/racecar/racecar_ws/src/safety_controller/build/safety_controller/build/lib/safety_controller/safety_controller.py -> /home/racecar/racecar_ws/src/safety_controller/install/safety_controller/lib/python3.8/site-packages/safety_controller
[0.594s] byte-compiling /home/racecar/racecar_ws/src/safety_controller/install/safety_controller/lib/python3.8/site-packages/safety_controller/__init__.py to __init__.cpython-38.pyc
[0.596s] byte-compiling /home/racecar/racecar_ws/src/safety_controller/install/safety_controller/lib/python3.8/site-packages/safety_controller/safety_controller_sameen.py to safety_controller_sameen.cpython-38.pyc
[0.597s] byte-compiling /home/racecar/racecar_ws/src/safety_controller/install/safety_controller/lib/python3.8/site-packages/safety_controller/safety_controller.py to safety_controller.cpython-38.pyc
[0.598s] running install_data
[0.598s] creating /home/racecar/racecar_ws/src/safety_controller/install/safety_controller/share/ament_index
[0.599s] creating /home/racecar/racecar_ws/src/safety_controller/install/safety_controller/share/ament_index/resource_index
[0.599s] creating /home/racecar/racecar_ws/src/safety_controller/install/safety_controller/share/ament_index/resource_index/packages
[0.599s] copying resource/safety_controller -> /home/racecar/racecar_ws/src/safety_controller/install/safety_controller/share/ament_index/resource_index/packages
[0.600s] copying package.xml -> /home/racecar/racecar_ws/src/safety_controller/install/safety_controller/share/safety_controller
[0.600s] copying safety_controller/params.yaml -> /home/racecar/racecar_ws/src/safety_controller/install/safety_controller/share/safety_controller
[0.601s] running install_egg_info
[0.602s] Copying build/safety_controller/safety_controller.egg-info to /home/racecar/racecar_ws/src/safety_controller/install/safety_controller/lib/python3.8/site-packages/safety_controller-0.0.0-py3.8.egg-info
[0.608s] running install_scripts
[0.617s] Installing safety_controller script to /home/racecar/racecar_ws/src/safety_controller/install/safety_controller/lib/safety_controller
[0.618s] writing list of installed files to '/home/racecar/racecar_ws/src/safety_controller/build/safety_controller/install.log'
[0.628s] Invoked command in '/home/racecar/racecar_ws/src/safety_controller' returned '0': PYTHONPATH=/home/racecar/racecar_ws/src/safety_controller/build/safety_controller/prefix_override:/home/racecar/racecar_ws/src/safety_controller/install/safety_controller/lib/python3.8/site-packages:${PYTHONPATH} /usr/bin/python3 setup.py egg_info --egg-base build/safety_controller build --build-base /home/racecar/racecar_ws/src/safety_controller/build/safety_controller/build install --record /home/racecar/racecar_ws/src/safety_controller/build/safety_controller/install.log --install-scripts $base/lib/safety_controller --single-version-externally-managed
